<?xml version="1.0" encoding="UTF-8"?>
<testng-results ignored="0" total="6" passed="5" failed="1" skipped="0">
  <reporter-output>
  </reporter-output>
  <suite started-at="2022-05-25T06:11:54Z" name="Suite" finished-at="2022-05-25T06:12:57Z" duration-ms="63324">
    <groups>
    </groups>
    <test started-at="2022-05-25T06:11:54Z" name="Test" finished-at="2022-05-25T06:12:57Z" duration-ms="63324">
      <class name="Com.Mindtree.Project.CompreAss.Testcase3">
        <test-method signature="Test3()[pri:0, instance:Com.Mindtree.Project.CompreAss.Testcase3@59e505b2]" started-at="2022-05-25T06:12:03Z" name="Test3" finished-at="2022-05-25T06:12:18Z" duration-ms="14942" status="PASS">
          <reporter-output>
          </reporter-output>
        </test-method> <!-- Test3 -->
      </class> <!-- Com.Mindtree.Project.CompreAss.Testcase3 -->
      <class name="Com.Mindtree.Project.CompreAss.Testcase4">
        <test-method signature="Test4()[pri:0, instance:Com.Mindtree.Project.CompreAss.Testcase4@3af0a9da]" started-at="2022-05-25T06:12:18Z" name="Test4" finished-at="2022-05-25T06:12:22Z" duration-ms="3548" status="PASS">
          <reporter-output>
          </reporter-output>
        </test-method> <!-- Test4 -->
      </class> <!-- Com.Mindtree.Project.CompreAss.Testcase4 -->
      <class name="Com.Mindtree.Project.CompreAss.Testcase6">
        <test-method signature="Test6()[pri:0, instance:Com.Mindtree.Project.CompreAss.Testcase6@82ea68c]" started-at="2022-05-25T06:11:54Z" name="Test6" finished-at="2022-05-25T06:12:03Z" duration-ms="9320" status="FAIL">
          <exception class="org.openqa.selenium.ElementClickInterceptedException">
            <message>
              <![CDATA[element click intercepted: Element <a class="signup-link authentication_popup" href="javascript:void(0);">...</a> is not clickable at point (946, 190). Other element would receive the click: <span class="roundicon-tooltiptext">...</span>
  (Session info: chrome=101.0.4951.67)
Build info: version: '3.141.59', revision: 'e82be7d358', time: '2018-11-14T08:17:03'
System info: host: 'MINDC1D373', ip: '172.16.1.255', os.name: 'Windows 10', os.arch: 'amd64', os.version: '10.0', java.version: '17.0.2'
Driver info: org.openqa.selenium.chrome.ChromeDriver
Capabilities {acceptInsecureCerts: false, browserName: chrome, browserVersion: 101.0.4951.67, chrome: {chromedriverVersion: 101.0.4951.41 (93c720db8323..., userDataDir: C:\Users\MINDSD~1\AppData\L...}, goog:chromeOptions: {debuggerAddress: localhost:51468}, javascriptEnabled: true, networkConnectionEnabled: false, pageLoadStrategy: normal, platform: WINDOWS, platformName: WINDOWS, proxy: Proxy(), setWindowRect: true, strictFileInteractability: false, timeouts: {implicit: 0, pageLoad: 300000, script: 30000}, unhandledPromptBehavior: dismiss and notify, webauthn:extension:credBlob: true, webauthn:extension:largeBlob: true, webauthn:virtualAuthenticators: true}
Session ID: e4500db5867d26c9fd863794223f8529]]>
            </message>
            <full-stacktrace>
              <![CDATA[org.openqa.selenium.ElementClickInterceptedException: element click intercepted: Element <a class="signup-link authentication_popup" href="javascript:void(0);">...</a> is not clickable at point (946, 190). Other element would receive the click: <span class="roundicon-tooltiptext">...</span>
  (Session info: chrome=101.0.4951.67)
Build info: version: '3.141.59', revision: 'e82be7d358', time: '2018-11-14T08:17:03'
System info: host: 'MINDC1D373', ip: '172.16.1.255', os.name: 'Windows 10', os.arch: 'amd64', os.version: '10.0', java.version: '17.0.2'
Driver info: org.openqa.selenium.chrome.ChromeDriver
Capabilities {acceptInsecureCerts: false, browserName: chrome, browserVersion: 101.0.4951.67, chrome: {chromedriverVersion: 101.0.4951.41 (93c720db8323..., userDataDir: C:\Users\MINDSD~1\AppData\L...}, goog:chromeOptions: {debuggerAddress: localhost:51468}, javascriptEnabled: true, networkConnectionEnabled: false, pageLoadStrategy: normal, platform: WINDOWS, platformName: WINDOWS, proxy: Proxy(), setWindowRect: true, strictFileInteractability: false, timeouts: {implicit: 0, pageLoad: 300000, script: 30000}, unhandledPromptBehavior: dismiss and notify, webauthn:extension:credBlob: true, webauthn:extension:largeBlob: true, webauthn:virtualAuthenticators: true}
Session ID: e4500db5867d26c9fd863794223f8529
at java.base/jdk.internal.reflect.NativeConstructorAccessorImpl.newInstance0(Native Method)
at java.base/jdk.internal.reflect.NativeConstructorAccessorImpl.newInstance(NativeConstructorAccessorImpl.java:77)
at java.base/jdk.internal.reflect.DelegatingConstructorAccessorImpl.newInstance(DelegatingConstructorAccessorImpl.java:45)
at java.base/java.lang.reflect.Constructor.newInstanceWithCaller(Constructor.java:499)
at java.base/java.lang.reflect.Constructor.newInstance(Constructor.java:480)
at org.openqa.selenium.remote.http.W3CHttpResponseCodec.createException(W3CHttpResponseCodec.java:187)
at org.openqa.selenium.remote.http.W3CHttpResponseCodec.decode(W3CHttpResponseCodec.java:122)
at org.openqa.selenium.remote.http.W3CHttpResponseCodec.decode(W3CHttpResponseCodec.java:49)
at org.openqa.selenium.remote.HttpCommandExecutor.execute(HttpCommandExecutor.java:158)
at org.openqa.selenium.remote.service.DriverCommandExecutor.execute(DriverCommandExecutor.java:83)
at org.openqa.selenium.remote.RemoteWebDriver.execute(RemoteWebDriver.java:552)
at org.openqa.selenium.remote.RemoteWebElement.execute(RemoteWebElement.java:285)
at org.openqa.selenium.remote.RemoteWebElement.click(RemoteWebElement.java:84)
at Com.Mindtree.Project.CompreAss.Testcase6.Test6(Testcase6.java:25)
at java.base/jdk.internal.reflect.NativeMethodAccessorImpl.invoke0(Native Method)
at java.base/jdk.internal.reflect.NativeMethodAccessorImpl.invoke(NativeMethodAccessorImpl.java:77)
at java.base/jdk.internal.reflect.DelegatingMethodAccessorImpl.invoke(DelegatingMethodAccessorImpl.java:43)
at java.base/java.lang.reflect.Method.invoke(Method.java:568)
at org.testng.internal.MethodInvocationHelper.invokeMethod(MethodInvocationHelper.java:124)
at org.testng.internal.Invoker.invokeMethod(Invoker.java:583)
at org.testng.internal.Invoker.invokeTestMethod(Invoker.java:719)
at org.testng.internal.Invoker.invokeTestMethods(Invoker.java:989)
at org.testng.internal.TestMethodWorker.invokeTestMethods(TestMethodWorker.java:125)
at org.testng.internal.TestMethodWorker.run(TestMethodWorker.java:109)
at org.testng.TestRunner.privateRun(TestRunner.java:648)
at org.testng.TestRunner.run(TestRunner.java:505)
at org.testng.SuiteRunner.runTest(SuiteRunner.java:455)
at org.testng.SuiteRunner.runSequentially(SuiteRunner.java:450)
at org.testng.SuiteRunner.privateRun(SuiteRunner.java:415)
at org.testng.SuiteRunner.run(SuiteRunner.java:364)
at org.testng.SuiteRunnerWorker.runSuite(SuiteRunnerWorker.java:52)
at org.testng.SuiteRunnerWorker.run(SuiteRunnerWorker.java:84)
at org.testng.TestNG.runSuitesSequentially(TestNG.java:1208)
at org.testng.TestNG.runSuitesLocally(TestNG.java:1137)
at org.testng.TestNG.runSuites(TestNG.java:1049)
at org.testng.TestNG.run(TestNG.java:1017)
at org.apache.maven.surefire.testng.TestNGExecutor.run(TestNGExecutor.java:324)
at org.apache.maven.surefire.testng.TestNGXmlTestSuite.execute(TestNGXmlTestSuite.java:74)
at org.apache.maven.surefire.testng.TestNGProvider.invoke(TestNGProvider.java:123)
at org.apache.maven.surefire.booter.ForkedBooter.runSuitesInProcess(ForkedBooter.java:456)
at org.apache.maven.surefire.booter.ForkedBooter.execute(ForkedBooter.java:169)
at org.apache.maven.surefire.booter.ForkedBooter.run(ForkedBooter.java:595)
at org.apache.maven.surefire.booter.ForkedBooter.main(ForkedBooter.java:581)
]]>
            </full-stacktrace>
          </exception> <!-- org.openqa.selenium.ElementClickInterceptedException -->
          <reporter-output>
          </reporter-output>
        </test-method> <!-- Test6 -->
      </class> <!-- Com.Mindtree.Project.CompreAss.Testcase6 -->
      <class name="Com.Mindtree.Project.CompreAss.Testcase1">
        <test-method signature="Test1()[pri:0, instance:Com.Mindtree.Project.CompreAss.Testcase1@43b9fd5]" started-at="2022-05-25T06:12:22Z" name="Test1" finished-at="2022-05-25T06:12:27Z" duration-ms="5173" status="PASS">
          <reporter-output>
          </reporter-output>
        </test-method> <!-- Test1 -->
      </class> <!-- Com.Mindtree.Project.CompreAss.Testcase1 -->
      <class name="Com.Mindtree.Project.CompreAss.TstCase5">
        <test-method signature="Test5()[pri:0, instance:Com.Mindtree.Project.CompreAss.TstCase5@79dc5318]" started-at="2022-05-25T06:12:27Z" name="Test5" finished-at="2022-05-25T06:12:53Z" duration-ms="25822" status="PASS">
          <reporter-output>
          </reporter-output>
        </test-method> <!-- Test5 -->
      </class> <!-- Com.Mindtree.Project.CompreAss.TstCase5 -->
      <class name="Com.Mindtree.Project.CompreAss.Testcase2">
        <test-method signature="Test2()[pri:0, instance:Com.Mindtree.Project.CompreAss.Testcase2@8e50104]" started-at="2022-05-25T06:12:53Z" name="Test2" finished-at="2022-05-25T06:12:57Z" duration-ms="4413" status="PASS">
          <reporter-output>
          </reporter-output>
        </test-method> <!-- Test2 -->
      </class> <!-- Com.Mindtree.Project.CompreAss.Testcase2 -->
    </test> <!-- Test -->
  </suite> <!-- Suite -->
</testng-results>
